<?xml version="1.0" encoding="UTF-8"?>
<testsuite xmlns:xsi="http://www.w3.org/2001/XMLSchema-instance" xsi:noNamespaceSchemaLocation="https://maven.apache.org/surefire/maven-surefire-plugin/xsd/surefire-test-report-3.0.xsd" version="3.0" name="edu.postech.csed332.homework2.ExpTest" time="0.484" tests="13" errors="0" skipped="0" failures="0">
  <properties>
[...]
</properties>
  <testcase name="testAbsorption" classname="edu.postech.csed332.homework2.ExpTest" time="0.366">
    <system-err><![CDATA[ANTLR Tool version 4.8 used for code generation does not match the current runtime version 4.7.2ANTLR Tool version 4.8 used for code generation does not match the current runtime version 4.7.2]]></system-err>
  </testcase>
  <testcase name="testNegationEvaluate" classname="edu.postech.csed332.homework2.ExpTest" time="0.005"/>
  <testcase name="testDoubleNegation" classname="edu.postech.csed332.homework2.ExpTest" time="0.002"/>
  <testcase name="testVariableEvaluate" classname="edu.postech.csed332.homework2.ExpTest" time="0.002"/>
  <testcase name="testVars" classname="edu.postech.csed332.homework2.ExpTest" time="0.004"/>
  <testcase name="testDistributive" classname="edu.postech.csed332.homework2.ExpTest" time="0.016"/>
  <testcase name="testParserError" classname="edu.postech.csed332.homework2.ExpTest" time="0.012">
    <system-err><![CDATA[line 1:14 token recognition error at: 'p0'
line 1:17 extraneous input '||' expecting {'!', 'true', 'false', '(', ID}
]]></system-err>
  </testcase>
  <testcase name="testIdentity" classname="edu.postech.csed332.homework2.ExpTest" time="0.005"/>
  <testcase name="testDeMorgan" classname="edu.postech.csed332.homework2.ExpTest" time="0.003"/>
  <testcase name="testEvaluate" classname="edu.postech.csed332.homework2.ExpTest" time="0.006"/>
  <testcase name="testDomination" classname="edu.postech.csed332.homework2.ExpTest" time="0.003"/>
  <testcase name="testConstantEvaluate" classname="edu.postech.csed332.homework2.ExpTest" time="0.001"/>
  <testcase name="testParserOK" classname="edu.postech.csed332.homework2.ExpTest" time="0.003"/>
</testsuite>