<?xml version="1.0" encoding="UTF-8"?>
<testsuite xmlns:xsi="http://www.w3.org/2001/XMLSchema-instance" xsi:noNamespaceSchemaLocation="https://maven.apache.org/surefire/maven-surefire-plugin/xsd/surefire-test-report-3.0.xsd" version="3.0" name="edu.postech.csed332.homework2.CollectionTest" time="0.029" tests="8" errors="0" skipped="0" failures="0">
  <properties>
[...]
</properties>
  <testcase name="testGetBooksByCollection" classname="edu.postech.csed332.homework2.CollectionTest" time="0.004"/>
  <testcase name="testGetBooksByAuthor" classname="edu.postech.csed332.homework2.CollectionTest" time="0.002"/>
  <testcase name="testRestoreCollection" classname="edu.postech.csed332.homework2.CollectionTest" time="0.004"/>
  <testcase name="testAddElement" classname="edu.postech.csed332.homework2.CollectionTest" time="0.003"/>
  <testcase name="testGetName" classname="edu.postech.csed332.homework2.CollectionTest" time="0.001"/>
  <testcase name="testDeleteElements" classname="edu.postech.csed332.homework2.CollectionTest" time="0.001"/>
  <testcase name="testGetStringRepresentation" classname="edu.postech.csed332.homework2.CollectionTest" time="0.002"/>
  <testcase name="testGetElements" classname="edu.postech.csed332.homework2.CollectionTest" time="0.001"/>
</testsuite>