<?xml version="1.0" encoding="UTF-8"?>
<testsuite xmlns:xsi="http://www.w3.org/2001/XMLSchema-instance" xsi:noNamespaceSchemaLocation="https://maven.apache.org/surefire/maven-surefire-plugin/xsd/surefire-test-report-3.0.xsd" version="3.0" name="edu.postech.csed332.homework3.IntegerDelegateMutableTreeTest" time="0.126" tests="18" errors="0" skipped="0" failures="0">
  <properties>
[...]
</properties>
  <testcase name="testGetDepthTwo" classname="edu.postech.csed332.homework3.IntegerDelegateMutableTreeTest" time="0.057"/>
  <testcase name="testGetSources" classname="edu.postech.csed332.homework3.IntegerDelegateMutableTreeTest" time="0.003"/>
  <testcase name="testGetEdges" classname="edu.postech.csed332.homework3.IntegerDelegateMutableTreeTest" time="0.003"/>
  <testcase name="testAddEdge" classname="edu.postech.csed332.homework3.IntegerDelegateMutableTreeTest" time="0.002"/>
  <testcase name="testGetChildren" classname="edu.postech.csed332.homework3.IntegerDelegateMutableTreeTest" time="0.002"/>
  <testcase name="testGetTargets" classname="edu.postech.csed332.homework3.IntegerDelegateMutableTreeTest" time="0.001"/>
  <testcase name="testGetHeightNoRoot" classname="edu.postech.csed332.homework3.IntegerDelegateMutableTreeTest" time="0.001"/>
  <testcase name="testGetVertices" classname="edu.postech.csed332.homework3.IntegerDelegateMutableTreeTest" time="0.001"/>
  <testcase name="testGetRoot" classname="edu.postech.csed332.homework3.IntegerDelegateMutableTreeTest" time="0.003"/>
  <testcase name="testGetDepthNoVertex" classname="edu.postech.csed332.homework3.IntegerDelegateMutableTreeTest" time="0.002"/>
  <testcase name="testRemoveVertex" classname="edu.postech.csed332.homework3.IntegerDelegateMutableTreeTest" time="0.006"/>
  <testcase name="testGetDepthNoRoot" classname="edu.postech.csed332.homework3.IntegerDelegateMutableTreeTest" time="0.002"/>
  <testcase name="testGetDepthRoot" classname="edu.postech.csed332.homework3.IntegerDelegateMutableTreeTest" time="0.002"/>
  <testcase name="testRemoveEdge" classname="edu.postech.csed332.homework3.IntegerDelegateMutableTreeTest" time="0.004"/>
  <testcase name="testAddVertex" classname="edu.postech.csed332.homework3.IntegerDelegateMutableTreeTest" time="0.002"/>
  <testcase name="testGetHeight" classname="edu.postech.csed332.homework3.IntegerDelegateMutableTreeTest" time="0.003"/>
  <testcase name="testGetParent" classname="edu.postech.csed332.homework3.IntegerDelegateMutableTreeTest" time="0.002"/>
  <testcase name="testConstructor" classname="edu.postech.csed332.homework3.IntegerDelegateMutableTreeTest" time="0.002"/>
</testsuite>