<?xml version="1.0" encoding="UTF-8"?>
<testsuite xmlns:xsi="http://www.w3.org/2001/XMLSchema-instance" xsi:noNamespaceSchemaLocation="https://maven.apache.org/surefire/maven-surefire-plugin/xsd/surefire-test-report-3.0.xsd" version="3.0" name="edu.postech.csed332.homework5.ExpTest" time="0.072" tests="10" errors="0" skipped="0" failures="0">
  <properties>
[...]
</properties>
  <testcase name="testToStringAndEvaluation" classname="edu.postech.csed332.homework5.ExpTest" time="0.048"/>
  <testcase name="testPrettyPrintDecoration" classname="edu.postech.csed332.homework5.ExpTest" time="0.002"/>
  <testcase name="testDefaultValueDecoration" classname="edu.postech.csed332.homework5.ExpTest" time="0.001"/>
  <testcase name="testToString" classname="edu.postech.csed332.homework5.ExpTest" time="0.001"/>
  <testcase name="testEquivalenceWrong" classname="edu.postech.csed332.homework5.ExpTest" time="0.001"/>
  <testcase name="testEquivalence" classname="edu.postech.csed332.homework5.ExpTest" time="0.001"/>
  <testcase name="testPrettyPrintAndDefaultValueDecoration" classname="edu.postech.csed332.homework5.ExpTest" time="0"/>
  <testcase name="testRenamingEquivDecoration" classname="edu.postech.csed332.homework5.ExpTest" time="0.001"/>
  <testcase name="testEvaluation" classname="edu.postech.csed332.homework5.ExpTest" time="0.001"/>
  <testcase name="testDefaultValueAndRenamingEquivDecoration" classname="edu.postech.csed332.homework5.ExpTest" time="0.001"/>
</testsuite>